<?xml version="1.0" encoding="UTF-8"?>
<!-- Generated by org.testng.reporters.JUnitReportReporter -->
<testsuite hostname="2ac0cf970bdb589" failures="0" tests="1" name="com.ust.test.ThirdTest" time="0.002" errors="0" timestamp="2023-03-30T16:51:56 IST" skipped="0">
  <testcase classname="com.ust.test.ThirdTest" name="f" time="0.002"/>
  <system-out/>
</testsuite> <!-- com.ust.test.ThirdTest -->
