<?xml version="1.0" encoding="UTF-8"?>
<!-- Generated by org.testng.reporters.JUnitReportReporter -->
<testsuite hostname="2ac0cf970bdb589" failures="0" tests="1" name="com.ust.test.Firsttest" time="17.436" errors="0" timestamp="2023-03-30T16:44:38 IST" skipped="0">
  <testcase classname="com.ust.test.Firsttest" name="TestGoogle" time="17.436"/>
  <system-out/>
</testsuite> <!-- com.ust.test.Firsttest -->
